1747977873: mosquitto version 2.0.21 starting
1747977873: Config loaded from C:\Users\Josee\Downloads\Practica\mosquito.conf.
1747977873: Opening ipv4 listen socket on port 1883.
1747977873: mosquitto version 2.0.21 running
1747977950: mosquitto version 2.0.21 starting
1747977950: Config loaded from C:\Users\Josee\Downloads\Practica\mosquito.conf.
1747977950: Opening ipv4 listen socket on port 1883.
1747977950: mosquitto version 2.0.21 running
1747977984: New connection from 192.168.76.176:50792 on port 1883.
1747977984: New client connected from 192.168.76.176:50792 as esp32_presentation (p2, c1, k15).
1747977984: No will message specified.
1747977984: Sending CONNACK to esp32_presentation (0, 0)
1747977987: Received PUBLISH from esp32_presentation (d0, q0, r0, m0, 'josee/control/presentacion', ... (4 bytes))
1747977988: Received PUBLISH from esp32_presentation (d0, q0, r0, m0, 'josee/control/presentacion', ... (4 bytes))
1747977992: New connection from 192.168.76.32:61346 on port 1883.
1747977992: New client connected from 192.168.76.32:61346 as auto-CA7FB83D-2429-7FA9-BF66-FB39AE7E646A (p2, c1, k60).
1747977992: No will message specified.
1747977992: Sending CONNACK to auto-CA7FB83D-2429-7FA9-BF66-FB39AE7E646A (0, 0)
1747977992: Received SUBSCRIBE from auto-CA7FB83D-2429-7FA9-BF66-FB39AE7E646A
1747977992: 	josee/control/presentacion (QoS 0)
1747977992: auto-CA7FB83D-2429-7FA9-BF66-FB39AE7E646A 0 josee/control/presentacion
1747977992: Sending SUBACK to auto-CA7FB83D-2429-7FA9-BF66-FB39AE7E646A
1747977994: Received PUBLISH from esp32_presentation (d0, q0, r0, m0, 'josee/control/presentacion', ... (4 bytes))
1747977994: Sending PUBLISH to auto-CA7FB83D-2429-7FA9-BF66-FB39AE7E646A (d0, q0, r0, m0, 'josee/control/presentacion', ... (4 bytes))
1747977995: Received PUBLISH from esp32_presentation (d0, q0, r0, m0, 'josee/control/presentacion', ... (4 bytes))
1747977995: Sending PUBLISH to auto-CA7FB83D-2429-7FA9-BF66-FB39AE7E646A (d0, q0, r0, m0, 'josee/control/presentacion', ... (4 bytes))
1747977997: Received PUBLISH from esp32_presentation (d0, q0, r0, m0, 'josee/control/presentacion', ... (4 bytes))
1747977997: Sending PUBLISH to auto-CA7FB83D-2429-7FA9-BF66-FB39AE7E646A (d0, q0, r0, m0, 'josee/control/presentacion', ... (4 bytes))
1747977997: Received PUBLISH from esp32_presentation (d0, q0, r0, m0, 'josee/control/presentacion', ... (4 bytes))
1747977997: Sending PUBLISH to auto-CA7FB83D-2429-7FA9-BF66-FB39AE7E646A (d0, q0, r0, m0, 'josee/control/presentacion', ... (4 bytes))
1747977997: Received PUBLISH from esp32_presentation (d0, q0, r0, m0, 'josee/control/presentacion', ... (4 bytes))
1747977997: Sending PUBLISH to auto-CA7FB83D-2429-7FA9-BF66-FB39AE7E646A (d0, q0, r0, m0, 'josee/control/presentacion', ... (4 bytes))
1747977997: Received PUBLISH from esp32_presentation (d0, q0, r0, m0, 'josee/control/presentacion', ... (4 bytes))
1747977997: Sending PUBLISH to auto-CA7FB83D-2429-7FA9-BF66-FB39AE7E646A (d0, q0, r0, m0, 'josee/control/presentacion', ... (4 bytes))
1747978003: Received PINGREQ from esp32_presentation
1747978003: Sending PINGRESP to esp32_presentation
1747978003: Received PUBLISH from esp32_presentation (d0, q0, r0, m0, 'josee/control/presentacion', ... (4 bytes))
1747978003: Sending PUBLISH to auto-CA7FB83D-2429-7FA9-BF66-FB39AE7E646A (d0, q0, r0, m0, 'josee/control/presentacion', ... (4 bytes))
1747978003: Received PUBLISH from esp32_presentation (d0, q0, r0, m0, 'josee/control/presentacion', ... (4 bytes))
1747978003: Sending PUBLISH to auto-CA7FB83D-2429-7FA9-BF66-FB39AE7E646A (d0, q0, r0, m0, 'josee/control/presentacion', ... (4 bytes))
1747978003: Received PUBLISH from esp32_presentation (d0, q0, r0, m0, 'josee/control/presentacion', ... (4 bytes))
1747978003: Sending PUBLISH to auto-CA7FB83D-2429-7FA9-BF66-FB39AE7E646A (d0, q0, r0, m0, 'josee/control/presentacion', ... (4 bytes))
1747978006: Received PUBLISH from esp32_presentation (d0, q0, r0, m0, 'josee/control/presentacion', ... (4 bytes))
1747978006: Sending PUBLISH to auto-CA7FB83D-2429-7FA9-BF66-FB39AE7E646A (d0, q0, r0, m0, 'josee/control/presentacion', ... (4 bytes))
1747978007: Received PUBLISH from esp32_presentation (d0, q0, r0, m0, 'josee/control/presentacion', ... (4 bytes))
1747978007: Sending PUBLISH to auto-CA7FB83D-2429-7FA9-BF66-FB39AE7E646A (d0, q0, r0, m0, 'josee/control/presentacion', ... (4 bytes))
1747978007: Received PUBLISH from esp32_presentation (d0, q0, r0, m0, 'josee/control/presentacion', ... (4 bytes))
1747978007: Sending PUBLISH to auto-CA7FB83D-2429-7FA9-BF66-FB39AE7E646A (d0, q0, r0, m0, 'josee/control/presentacion', ... (4 bytes))
1747978007: Received PUBLISH from esp32_presentation (d0, q0, r0, m0, 'josee/control/presentacion', ... (4 bytes))
1747978007: Sending PUBLISH to auto-CA7FB83D-2429-7FA9-BF66-FB39AE7E646A (d0, q0, r0, m0, 'josee/control/presentacion', ... (4 bytes))
1747978008: Received PUBLISH from esp32_presentation (d0, q0, r0, m0, 'josee/control/presentacion', ... (4 bytes))
1747978008: Sending PUBLISH to auto-CA7FB83D-2429-7FA9-BF66-FB39AE7E646A (d0, q0, r0, m0, 'josee/control/presentacion', ... (4 bytes))
1747978008: Received PUBLISH from esp32_presentation (d0, q0, r0, m0, 'josee/control/presentacion', ... (4 bytes))
1747978008: Sending PUBLISH to auto-CA7FB83D-2429-7FA9-BF66-FB39AE7E646A (d0, q0, r0, m0, 'josee/control/presentacion', ... (4 bytes))
1747978009: Received PUBLISH from esp32_presentation (d0, q0, r0, m0, 'josee/control/presentacion', ... (4 bytes))
1747978009: Sending PUBLISH to auto-CA7FB83D-2429-7FA9-BF66-FB39AE7E646A (d0, q0, r0, m0, 'josee/control/presentacion', ... (4 bytes))
1747978009: Received PUBLISH from esp32_presentation (d0, q0, r0, m0, 'josee/control/presentacion', ... (4 bytes))
1747978009: Sending PUBLISH to auto-CA7FB83D-2429-7FA9-BF66-FB39AE7E646A (d0, q0, r0, m0, 'josee/control/presentacion', ... (4 bytes))
1747978009: Received PUBLISH from esp32_presentation (d0, q0, r0, m0, 'josee/control/presentacion', ... (4 bytes))
1747978009: Sending PUBLISH to auto-CA7FB83D-2429-7FA9-BF66-FB39AE7E646A (d0, q0, r0, m0, 'josee/control/presentacion', ... (4 bytes))
1747978010: Received PUBLISH from esp32_presentation (d0, q0, r0, m0, 'josee/control/presentacion', ... (4 bytes))
1747978010: Sending PUBLISH to auto-CA7FB83D-2429-7FA9-BF66-FB39AE7E646A (d0, q0, r0, m0, 'josee/control/presentacion', ... (4 bytes))
1747978010: Received PUBLISH from esp32_presentation (d0, q0, r0, m0, 'josee/control/presentacion', ... (4 bytes))
1747978010: Sending PUBLISH to auto-CA7FB83D-2429-7FA9-BF66-FB39AE7E646A (d0, q0, r0, m0, 'josee/control/presentacion', ... (4 bytes))
1747978010: Received PUBLISH from esp32_presentation (d0, q0, r0, m0, 'josee/control/presentacion', ... (4 bytes))
1747978010: Sending PUBLISH to auto-CA7FB83D-2429-7FA9-BF66-FB39AE7E646A (d0, q0, r0, m0, 'josee/control/presentacion', ... (4 bytes))
1747978010: Received PUBLISH from esp32_presentation (d0, q0, r0, m0, 'josee/control/presentacion', ... (4 bytes))
1747978010: Sending PUBLISH to auto-CA7FB83D-2429-7FA9-BF66-FB39AE7E646A (d0, q0, r0, m0, 'josee/control/presentacion', ... (4 bytes))
1747978011: Received PUBLISH from esp32_presentation (d0, q0, r0, m0, 'josee/control/presentacion', ... (4 bytes))
1747978011: Sending PUBLISH to auto-CA7FB83D-2429-7FA9-BF66-FB39AE7E646A (d0, q0, r0, m0, 'josee/control/presentacion', ... (4 bytes))
1747978012: Received PUBLISH from esp32_presentation (d0, q0, r0, m0, 'josee/control/presentacion', ... (4 bytes))
1747978012: Sending PUBLISH to auto-CA7FB83D-2429-7FA9-BF66-FB39AE7E646A (d0, q0, r0, m0, 'josee/control/presentacion', ... (4 bytes))
1747978012: Received PUBLISH from esp32_presentation (d0, q0, r0, m0, 'josee/control/presentacion', ... (4 bytes))
1747978012: Sending PUBLISH to auto-CA7FB83D-2429-7FA9-BF66-FB39AE7E646A (d0, q0, r0, m0, 'josee/control/presentacion', ... (4 bytes))
1747978019: Received PUBLISH from esp32_presentation (d0, q0, r0, m0, 'josee/control/presentacion', ... (4 bytes))
1747978019: Sending PUBLISH to auto-CA7FB83D-2429-7FA9-BF66-FB39AE7E646A (d0, q0, r0, m0, 'josee/control/presentacion', ... (4 bytes))
1747978019: Received PUBLISH from esp32_presentation (d0, q0, r0, m0, 'josee/control/presentacion', ... (4 bytes))
1747978019: Sending PUBLISH to auto-CA7FB83D-2429-7FA9-BF66-FB39AE7E646A (d0, q0, r0, m0, 'josee/control/presentacion', ... (4 bytes))
1747978019: Received PINGREQ from esp32_presentation
1747978019: Sending PINGRESP to esp32_presentation
1747978019: Received PUBLISH from esp32_presentation (d0, q0, r0, m0, 'josee/control/presentacion', ... (4 bytes))
1747978019: Sending PUBLISH to auto-CA7FB83D-2429-7FA9-BF66-FB39AE7E646A (d0, q0, r0, m0, 'josee/control/presentacion', ... (4 bytes))
1747978019: Received PUBLISH from esp32_presentation (d0, q0, r0, m0, 'josee/control/presentacion', ... (4 bytes))
1747978019: Sending PUBLISH to auto-CA7FB83D-2429-7FA9-BF66-FB39AE7E646A (d0, q0, r0, m0, 'josee/control/presentacion', ... (4 bytes))
1747978022: Received PUBLISH from esp32_presentation (d0, q0, r0, m0, 'josee/control/presentacion', ... (4 bytes))
1747978022: Sending PUBLISH to auto-CA7FB83D-2429-7FA9-BF66-FB39AE7E646A (d0, q0, r0, m0, 'josee/control/presentacion', ... (4 bytes))
1747978023: Received PUBLISH from esp32_presentation (d0, q0, r0, m0, 'josee/control/presentacion', ... (4 bytes))
1747978023: Sending PUBLISH to auto-CA7FB83D-2429-7FA9-BF66-FB39AE7E646A (d0, q0, r0, m0, 'josee/control/presentacion', ... (4 bytes))
1747978024: Received PUBLISH from esp32_presentation (d0, q0, r0, m0, 'josee/control/presentacion', ... (4 bytes))
1747978024: Sending PUBLISH to auto-CA7FB83D-2429-7FA9-BF66-FB39AE7E646A (d0, q0, r0, m0, 'josee/control/presentacion', ... (4 bytes))
1747978034: Received PINGREQ from esp32_presentation
1747978034: Sending PINGRESP to esp32_presentation
1747978036: Received PUBLISH from esp32_presentation (d0, q0, r0, m0, 'josee/control/presentacion', ... (4 bytes))
1747978036: Sending PUBLISH to auto-CA7FB83D-2429-7FA9-BF66-FB39AE7E646A (d0, q0, r0, m0, 'josee/control/presentacion', ... (4 bytes))
1747978039: Received PUBLISH from esp32_presentation (d0, q0, r0, m0, 'josee/control/presentacion', ... (4 bytes))
1747978039: Sending PUBLISH to auto-CA7FB83D-2429-7FA9-BF66-FB39AE7E646A (d0, q0, r0, m0, 'josee/control/presentacion', ... (4 bytes))
1747978040: Received PUBLISH from esp32_presentation (d0, q0, r0, m0, 'josee/control/presentacion', ... (4 bytes))
1747978040: Sending PUBLISH to auto-CA7FB83D-2429-7FA9-BF66-FB39AE7E646A (d0, q0, r0, m0, 'josee/control/presentacion', ... (4 bytes))
1747978041: Received PUBLISH from esp32_presentation (d0, q0, r0, m0, 'josee/control/presentacion', ... (4 bytes))
1747978041: Sending PUBLISH to auto-CA7FB83D-2429-7FA9-BF66-FB39AE7E646A (d0, q0, r0, m0, 'josee/control/presentacion', ... (4 bytes))
1747978041: Received PUBLISH from esp32_presentation (d0, q0, r0, m0, 'josee/control/presentacion', ... (4 bytes))
1747978041: Sending PUBLISH to auto-CA7FB83D-2429-7FA9-BF66-FB39AE7E646A (d0, q0, r0, m0, 'josee/control/presentacion', ... (4 bytes))
1747978042: Received PUBLISH from esp32_presentation (d0, q0, r0, m0, 'josee/control/presentacion', ... (4 bytes))
1747978042: Sending PUBLISH to auto-CA7FB83D-2429-7FA9-BF66-FB39AE7E646A (d0, q0, r0, m0, 'josee/control/presentacion', ... (4 bytes))
1747978042: Received PUBLISH from esp32_presentation (d0, q0, r0, m0, 'josee/control/presentacion', ... (4 bytes))
1747978042: Sending PUBLISH to auto-CA7FB83D-2429-7FA9-BF66-FB39AE7E646A (d0, q0, r0, m0, 'josee/control/presentacion', ... (4 bytes))
1747978043: Received PUBLISH from esp32_presentation (d0, q0, r0, m0, 'josee/control/presentacion', ... (4 bytes))
1747978043: Sending PUBLISH to auto-CA7FB83D-2429-7FA9-BF66-FB39AE7E646A (d0, q0, r0, m0, 'josee/control/presentacion', ... (4 bytes))
1747978043: Received PUBLISH from esp32_presentation (d0, q0, r0, m0, 'josee/control/presentacion', ... (4 bytes))
1747978043: Sending PUBLISH to auto-CA7FB83D-2429-7FA9-BF66-FB39AE7E646A (d0, q0, r0, m0, 'josee/control/presentacion', ... (4 bytes))
1747978044: Received PUBLISH from esp32_presentation (d0, q0, r0, m0, 'josee/control/presentacion', ... (4 bytes))
1747978044: Sending PUBLISH to auto-CA7FB83D-2429-7FA9-BF66-FB39AE7E646A (d0, q0, r0, m0, 'josee/control/presentacion', ... (4 bytes))
1747978045: Received PUBLISH from esp32_presentation (d0, q0, r0, m0, 'josee/control/presentacion', ... (4 bytes))
1747978045: Sending PUBLISH to auto-CA7FB83D-2429-7FA9-BF66-FB39AE7E646A (d0, q0, r0, m0, 'josee/control/presentacion', ... (4 bytes))
1747978045: Received PUBLISH from esp32_presentation (d0, q0, r0, m0, 'josee/control/presentacion', ... (4 bytes))
1747978045: Sending PUBLISH to auto-CA7FB83D-2429-7FA9-BF66-FB39AE7E646A (d0, q0, r0, m0, 'josee/control/presentacion', ... (4 bytes))
1747978046: Received PUBLISH from esp32_presentation (d0, q0, r0, m0, 'josee/control/presentacion', ... (4 bytes))
1747978046: Sending PUBLISH to auto-CA7FB83D-2429-7FA9-BF66-FB39AE7E646A (d0, q0, r0, m0, 'josee/control/presentacion', ... (4 bytes))
1747978046: Received PUBLISH from esp32_presentation (d0, q0, r0, m0, 'josee/control/presentacion', ... (4 bytes))
1747978046: Sending PUBLISH to auto-CA7FB83D-2429-7FA9-BF66-FB39AE7E646A (d0, q0, r0, m0, 'josee/control/presentacion', ... (4 bytes))
1747978047: Received PUBLISH from esp32_presentation (d0, q0, r0, m0, 'josee/control/presentacion', ... (4 bytes))
1747978047: Sending PUBLISH to auto-CA7FB83D-2429-7FA9-BF66-FB39AE7E646A (d0, q0, r0, m0, 'josee/control/presentacion', ... (4 bytes))
1747978047: Received PUBLISH from esp32_presentation (d0, q0, r0, m0, 'josee/control/presentacion', ... (4 bytes))
1747978047: Sending PUBLISH to auto-CA7FB83D-2429-7FA9-BF66-FB39AE7E646A (d0, q0, r0, m0, 'josee/control/presentacion', ... (4 bytes))
1747978048: Received PUBLISH from esp32_presentation (d0, q0, r0, m0, 'josee/control/presentacion', ... (4 bytes))
1747978048: Sending PUBLISH to auto-CA7FB83D-2429-7FA9-BF66-FB39AE7E646A (d0, q0, r0, m0, 'josee/control/presentacion', ... (4 bytes))
1747978048: Received PUBLISH from esp32_presentation (d0, q0, r0, m0, 'josee/control/presentacion', ... (4 bytes))
1747978048: Sending PUBLISH to auto-CA7FB83D-2429-7FA9-BF66-FB39AE7E646A (d0, q0, r0, m0, 'josee/control/presentacion', ... (4 bytes))
1747978049: Received PUBLISH from esp32_presentation (d0, q0, r0, m0, 'josee/control/presentacion', ... (4 bytes))
1747978049: Sending PUBLISH to auto-CA7FB83D-2429-7FA9-BF66-FB39AE7E646A (d0, q0, r0, m0, 'josee/control/presentacion', ... (4 bytes))
1747978050: Received PINGREQ from esp32_presentation
1747978050: Sending PINGRESP to esp32_presentation
1747978050: Received PUBLISH from esp32_presentation (d0, q0, r0, m0, 'josee/control/presentacion', ... (4 bytes))
1747978050: Sending PUBLISH to auto-CA7FB83D-2429-7FA9-BF66-FB39AE7E646A (d0, q0, r0, m0, 'josee/control/presentacion', ... (4 bytes))
1747978051: Received PUBLISH from esp32_presentation (d0, q0, r0, m0, 'josee/control/presentacion', ... (4 bytes))
1747978051: Sending PUBLISH to auto-CA7FB83D-2429-7FA9-BF66-FB39AE7E646A (d0, q0, r0, m0, 'josee/control/presentacion', ... (4 bytes))
1747978051: Received PUBLISH from esp32_presentation (d0, q0, r0, m0, 'josee/control/presentacion', ... (4 bytes))
1747978051: Sending PUBLISH to auto-CA7FB83D-2429-7FA9-BF66-FB39AE7E646A (d0, q0, r0, m0, 'josee/control/presentacion', ... (4 bytes))
1747978052: Received PUBLISH from esp32_presentation (d0, q0, r0, m0, 'josee/control/presentacion', ... (4 bytes))
1747978052: Sending PUBLISH to auto-CA7FB83D-2429-7FA9-BF66-FB39AE7E646A (d0, q0, r0, m0, 'josee/control/presentacion', ... (4 bytes))
1747978052: Received PUBLISH from esp32_presentation (d0, q0, r0, m0, 'josee/control/presentacion', ... (4 bytes))
1747978052: Sending PUBLISH to auto-CA7FB83D-2429-7FA9-BF66-FB39AE7E646A (d0, q0, r0, m0, 'josee/control/presentacion', ... (4 bytes))
1747978052: Received PINGREQ from auto-CA7FB83D-2429-7FA9-BF66-FB39AE7E646A
1747978052: Sending PINGRESP to auto-CA7FB83D-2429-7FA9-BF66-FB39AE7E646A
1747978053: Received PUBLISH from esp32_presentation (d0, q0, r0, m0, 'josee/control/presentacion', ... (4 bytes))
1747978053: Sending PUBLISH to auto-CA7FB83D-2429-7FA9-BF66-FB39AE7E646A (d0, q0, r0, m0, 'josee/control/presentacion', ... (4 bytes))
1747978053: Received PUBLISH from esp32_presentation (d0, q0, r0, m0, 'josee/control/presentacion', ... (4 bytes))
1747978053: Sending PUBLISH to auto-CA7FB83D-2429-7FA9-BF66-FB39AE7E646A (d0, q0, r0, m0, 'josee/control/presentacion', ... (4 bytes))
1747978054: Received PUBLISH from esp32_presentation (d0, q0, r0, m0, 'josee/control/presentacion', ... (4 bytes))
1747978054: Sending PUBLISH to auto-CA7FB83D-2429-7FA9-BF66-FB39AE7E646A (d0, q0, r0, m0, 'josee/control/presentacion', ... (4 bytes))
1747978055: Received PUBLISH from esp32_presentation (d0, q0, r0, m0, 'josee/control/presentacion', ... (4 bytes))
1747978055: Sending PUBLISH to auto-CA7FB83D-2429-7FA9-BF66-FB39AE7E646A (d0, q0, r0, m0, 'josee/control/presentacion', ... (4 bytes))
1747978055: Received PUBLISH from esp32_presentation (d0, q0, r0, m0, 'josee/control/presentacion', ... (4 bytes))
1747978055: Sending PUBLISH to auto-CA7FB83D-2429-7FA9-BF66-FB39AE7E646A (d0, q0, r0, m0, 'josee/control/presentacion', ... (4 bytes))
1747978056: Received PUBLISH from esp32_presentation (d0, q0, r0, m0, 'josee/control/presentacion', ... (4 bytes))
1747978056: Sending PUBLISH to auto-CA7FB83D-2429-7FA9-BF66-FB39AE7E646A (d0, q0, r0, m0, 'josee/control/presentacion', ... (4 bytes))
1747978057: Received PUBLISH from esp32_presentation (d0, q0, r0, m0, 'josee/control/presentacion', ... (4 bytes))
1747978057: Sending PUBLISH to auto-CA7FB83D-2429-7FA9-BF66-FB39AE7E646A (d0, q0, r0, m0, 'josee/control/presentacion', ... (4 bytes))
1747978058: Received PUBLISH from esp32_presentation (d0, q0, r0, m0, 'josee/control/presentacion', ... (4 bytes))
1747978058: Sending PUBLISH to auto-CA7FB83D-2429-7FA9-BF66-FB39AE7E646A (d0, q0, r0, m0, 'josee/control/presentacion', ... (4 bytes))
1747978058: Received PUBLISH from esp32_presentation (d0, q0, r0, m0, 'josee/control/presentacion', ... (4 bytes))
1747978058: Sending PUBLISH to auto-CA7FB83D-2429-7FA9-BF66-FB39AE7E646A (d0, q0, r0, m0, 'josee/control/presentacion', ... (4 bytes))
1747978065: Received PINGREQ from esp32_presentation
1747978065: Sending PINGRESP to esp32_presentation
1747978080: Received PINGREQ from esp32_presentation
1747978080: Sending PINGRESP to esp32_presentation
1747978087: Received PUBLISH from esp32_presentation (d0, q0, r0, m0, 'josee/control/presentacion', ... (4 bytes))
1747978087: Sending PUBLISH to auto-CA7FB83D-2429-7FA9-BF66-FB39AE7E646A (d0, q0, r0, m0, 'josee/control/presentacion', ... (4 bytes))
1747978087: Received PUBLISH from esp32_presentation (d0, q0, r0, m0, 'josee/control/presentacion', ... (4 bytes))
1747978087: Sending PUBLISH to auto-CA7FB83D-2429-7FA9-BF66-FB39AE7E646A (d0, q0, r0, m0, 'josee/control/presentacion', ... (4 bytes))
1747978088: Received PUBLISH from esp32_presentation (d0, q0, r0, m0, 'josee/control/presentacion', ... (4 bytes))
1747978088: Sending PUBLISH to auto-CA7FB83D-2429-7FA9-BF66-FB39AE7E646A (d0, q0, r0, m0, 'josee/control/presentacion', ... (4 bytes))
1747978088: Received PUBLISH from esp32_presentation (d0, q0, r0, m0, 'josee/control/presentacion', ... (4 bytes))
1747978088: Sending PUBLISH to auto-CA7FB83D-2429-7FA9-BF66-FB39AE7E646A (d0, q0, r0, m0, 'josee/control/presentacion', ... (4 bytes))
1747978089: Received PUBLISH from esp32_presentation (d0, q0, r0, m0, 'josee/control/presentacion', ... (4 bytes))
1747978089: Sending PUBLISH to auto-CA7FB83D-2429-7FA9-BF66-FB39AE7E646A (d0, q0, r0, m0, 'josee/control/presentacion', ... (4 bytes))
1747978090: Received PUBLISH from esp32_presentation (d0, q0, r0, m0, 'josee/control/presentacion', ... (4 bytes))
1747978090: Sending PUBLISH to auto-CA7FB83D-2429-7FA9-BF66-FB39AE7E646A (d0, q0, r0, m0, 'josee/control/presentacion', ... (4 bytes))
1747978090: Received PUBLISH from esp32_presentation (d0, q0, r0, m0, 'josee/control/presentacion', ... (4 bytes))
1747978090: Sending PUBLISH to auto-CA7FB83D-2429-7FA9-BF66-FB39AE7E646A (d0, q0, r0, m0, 'josee/control/presentacion', ... (4 bytes))
1747978091: Received PUBLISH from esp32_presentation (d0, q0, r0, m0, 'josee/control/presentacion', ... (4 bytes))
1747978091: Sending PUBLISH to auto-CA7FB83D-2429-7FA9-BF66-FB39AE7E646A (d0, q0, r0, m0, 'josee/control/presentacion', ... (4 bytes))
1747978091: Received PUBLISH from esp32_presentation (d0, q0, r0, m0, 'josee/control/presentacion', ... (4 bytes))
1747978091: Sending PUBLISH to auto-CA7FB83D-2429-7FA9-BF66-FB39AE7E646A (d0, q0, r0, m0, 'josee/control/presentacion', ... (4 bytes))
1747978092: Received PUBLISH from esp32_presentation (d0, q0, r0, m0, 'josee/control/presentacion', ... (4 bytes))
1747978092: Sending PUBLISH to auto-CA7FB83D-2429-7FA9-BF66-FB39AE7E646A (d0, q0, r0, m0, 'josee/control/presentacion', ... (4 bytes))
1747978092: Received PUBLISH from esp32_presentation (d0, q0, r0, m0, 'josee/control/presentacion', ... (4 bytes))
1747978092: Sending PUBLISH to auto-CA7FB83D-2429-7FA9-BF66-FB39AE7E646A (d0, q0, r0, m0, 'josee/control/presentacion', ... (4 bytes))
1747978092: Received PUBLISH from esp32_presentation (d0, q0, r0, m0, 'josee/control/presentacion', ... (4 bytes))
1747978092: Sending PUBLISH to auto-CA7FB83D-2429-7FA9-BF66-FB39AE7E646A (d0, q0, r0, m0, 'josee/control/presentacion', ... (4 bytes))
1747978093: Received PUBLISH from esp32_presentation (d0, q0, r0, m0, 'josee/control/presentacion', ... (4 bytes))
1747978093: Sending PUBLISH to auto-CA7FB83D-2429-7FA9-BF66-FB39AE7E646A (d0, q0, r0, m0, 'josee/control/presentacion', ... (4 bytes))
1747978093: Received PUBLISH from esp32_presentation (d0, q0, r0, m0, 'josee/control/presentacion', ... (4 bytes))
1747978093: Sending PUBLISH to auto-CA7FB83D-2429-7FA9-BF66-FB39AE7E646A (d0, q0, r0, m0, 'josee/control/presentacion', ... (4 bytes))
1747978094: Received PUBLISH from esp32_presentation (d0, q0, r0, m0, 'josee/control/presentacion', ... (4 bytes))
1747978094: Sending PUBLISH to auto-CA7FB83D-2429-7FA9-BF66-FB39AE7E646A (d0, q0, r0, m0, 'josee/control/presentacion', ... (4 bytes))
1747978094: Received PUBLISH from esp32_presentation (d0, q0, r0, m0, 'josee/control/presentacion', ... (4 bytes))
1747978094: Sending PUBLISH to auto-CA7FB83D-2429-7FA9-BF66-FB39AE7E646A (d0, q0, r0, m0, 'josee/control/presentacion', ... (4 bytes))
1747978094: Received PUBLISH from esp32_presentation (d0, q0, r0, m0, 'josee/control/presentacion', ... (4 bytes))
1747978094: Sending PUBLISH to auto-CA7FB83D-2429-7FA9-BF66-FB39AE7E646A (d0, q0, r0, m0, 'josee/control/presentacion', ... (4 bytes))
1747978095: Received PUBLISH from esp32_presentation (d0, q0, r0, m0, 'josee/control/presentacion', ... (4 bytes))
1747978095: Sending PUBLISH to auto-CA7FB83D-2429-7FA9-BF66-FB39AE7E646A (d0, q0, r0, m0, 'josee/control/presentacion', ... (4 bytes))
1747978095: Received PINGREQ from esp32_presentation
1747978095: Sending PINGRESP to esp32_presentation
1747978095: Received PUBLISH from esp32_presentation (d0, q0, r0, m0, 'josee/control/presentacion', ... (4 bytes))
1747978095: Sending PUBLISH to auto-CA7FB83D-2429-7FA9-BF66-FB39AE7E646A (d0, q0, r0, m0, 'josee/control/presentacion', ... (4 bytes))
1747978095: Received PUBLISH from esp32_presentation (d0, q0, r0, m0, 'josee/control/presentacion', ... (4 bytes))
1747978095: Sending PUBLISH to auto-CA7FB83D-2429-7FA9-BF66-FB39AE7E646A (d0, q0, r0, m0, 'josee/control/presentacion', ... (4 bytes))
1747978096: Received PUBLISH from esp32_presentation (d0, q0, r0, m0, 'josee/control/presentacion', ... (4 bytes))
1747978096: Sending PUBLISH to auto-CA7FB83D-2429-7FA9-BF66-FB39AE7E646A (d0, q0, r0, m0, 'josee/control/presentacion', ... (4 bytes))
1747978097: Received PUBLISH from esp32_presentation (d0, q0, r0, m0, 'josee/control/presentacion', ... (4 bytes))
1747978097: Sending PUBLISH to auto-CA7FB83D-2429-7FA9-BF66-FB39AE7E646A (d0, q0, r0, m0, 'josee/control/presentacion', ... (4 bytes))
1747978097: Received PUBLISH from esp32_presentation (d0, q0, r0, m0, 'josee/control/presentacion', ... (4 bytes))
1747978097: Sending PUBLISH to auto-CA7FB83D-2429-7FA9-BF66-FB39AE7E646A (d0, q0, r0, m0, 'josee/control/presentacion', ... (4 bytes))
1747978097: Received PUBLISH from esp32_presentation (d0, q0, r0, m0, 'josee/control/presentacion', ... (4 bytes))
1747978097: Sending PUBLISH to auto-CA7FB83D-2429-7FA9-BF66-FB39AE7E646A (d0, q0, r0, m0, 'josee/control/presentacion', ... (4 bytes))
1747978098: Received PUBLISH from esp32_presentation (d0, q0, r0, m0, 'josee/control/presentacion', ... (4 bytes))
1747978098: Sending PUBLISH to auto-CA7FB83D-2429-7FA9-BF66-FB39AE7E646A (d0, q0, r0, m0, 'josee/control/presentacion', ... (4 bytes))
1747978099: Received PUBLISH from esp32_presentation (d0, q0, r0, m0, 'josee/control/presentacion', ... (4 bytes))
1747978099: Sending PUBLISH to auto-CA7FB83D-2429-7FA9-BF66-FB39AE7E646A (d0, q0, r0, m0, 'josee/control/presentacion', ... (4 bytes))
1747978099: Received PUBLISH from esp32_presentation (d0, q0, r0, m0, 'josee/control/presentacion', ... (4 bytes))
1747978099: Sending PUBLISH to auto-CA7FB83D-2429-7FA9-BF66-FB39AE7E646A (d0, q0, r0, m0, 'josee/control/presentacion', ... (4 bytes))
1747978100: Received PUBLISH from esp32_presentation (d0, q0, r0, m0, 'josee/control/presentacion', ... (4 bytes))
1747978100: Sending PUBLISH to auto-CA7FB83D-2429-7FA9-BF66-FB39AE7E646A (d0, q0, r0, m0, 'josee/control/presentacion', ... (4 bytes))
1747978101: Received PUBLISH from esp32_presentation (d0, q0, r0, m0, 'josee/control/presentacion', ... (4 bytes))
1747978101: Sending PUBLISH to auto-CA7FB83D-2429-7FA9-BF66-FB39AE7E646A (d0, q0, r0, m0, 'josee/control/presentacion', ... (4 bytes))
1747978102: Received PUBLISH from esp32_presentation (d0, q0, r0, m0, 'josee/control/presentacion', ... (4 bytes))
1747978102: Sending PUBLISH to auto-CA7FB83D-2429-7FA9-BF66-FB39AE7E646A (d0, q0, r0, m0, 'josee/control/presentacion', ... (4 bytes))
1747978102: Received PUBLISH from esp32_presentation (d0, q0, r0, m0, 'josee/control/presentacion', ... (4 bytes))
1747978102: Sending PUBLISH to auto-CA7FB83D-2429-7FA9-BF66-FB39AE7E646A (d0, q0, r0, m0, 'josee/control/presentacion', ... (4 bytes))
1747978110: Received PINGREQ from esp32_presentation
1747978110: Sending PINGRESP to esp32_presentation
1747978112: Received PINGREQ from auto-CA7FB83D-2429-7FA9-BF66-FB39AE7E646A
1747978112: Sending PINGRESP to auto-CA7FB83D-2429-7FA9-BF66-FB39AE7E646A
1747978126: Received PINGREQ from esp32_presentation
1747978126: Sending PINGRESP to esp32_presentation
1747978141: Received PINGREQ from esp32_presentation
1747978141: Sending PINGRESP to esp32_presentation
1747978163: Client esp32_presentation has exceeded timeout, disconnecting.
1747978173: Received PINGREQ from auto-CA7FB83D-2429-7FA9-BF66-FB39AE7E646A
1747978173: Sending PINGRESP to auto-CA7FB83D-2429-7FA9-BF66-FB39AE7E646A
1747978217: New connection from 192.168.76.176:64876 on port 1883.
1747978217: New client connected from 192.168.76.176:64876 as esp32_presentation (p2, c1, k15).
1747978217: No will message specified.
1747978217: Sending CONNACK to esp32_presentation (0, 0)
1747978220: Received PUBLISH from esp32_presentation (d0, q0, r0, m0, 'josee/control/presentacion', ... (4 bytes))
1747978220: Sending PUBLISH to auto-CA7FB83D-2429-7FA9-BF66-FB39AE7E646A (d0, q0, r0, m0, 'josee/control/presentacion', ... (4 bytes))
1747978220: Received PUBLISH from esp32_presentation (d0, q0, r0, m0, 'josee/control/presentacion', ... (4 bytes))
1747978220: Sending PUBLISH to auto-CA7FB83D-2429-7FA9-BF66-FB39AE7E646A (d0, q0, r0, m0, 'josee/control/presentacion', ... (4 bytes))
1747978221: Received PUBLISH from esp32_presentation (d0, q0, r0, m0, 'josee/control/presentacion', ... (4 bytes))
1747978221: Sending PUBLISH to auto-CA7FB83D-2429-7FA9-BF66-FB39AE7E646A (d0, q0, r0, m0, 'josee/control/presentacion', ... (4 bytes))
1747978222: Received PUBLISH from esp32_presentation (d0, q0, r0, m0, 'josee/control/presentacion', ... (4 bytes))
1747978222: Sending PUBLISH to auto-CA7FB83D-2429-7FA9-BF66-FB39AE7E646A (d0, q0, r0, m0, 'josee/control/presentacion', ... (4 bytes))
1747978222: Received PUBLISH from esp32_presentation (d0, q0, r0, m0, 'josee/control/presentacion', ... (4 bytes))
1747978222: Sending PUBLISH to auto-CA7FB83D-2429-7FA9-BF66-FB39AE7E646A (d0, q0, r0, m0, 'josee/control/presentacion', ... (4 bytes))
1747978223: Received PUBLISH from esp32_presentation (d0, q0, r0, m0, 'josee/control/presentacion', ... (4 bytes))
1747978223: Sending PUBLISH to auto-CA7FB83D-2429-7FA9-BF66-FB39AE7E646A (d0, q0, r0, m0, 'josee/control/presentacion', ... (4 bytes))
1747978224: Received PUBLISH from esp32_presentation (d0, q0, r0, m0, 'josee/control/presentacion', ... (4 bytes))
1747978224: Sending PUBLISH to auto-CA7FB83D-2429-7FA9-BF66-FB39AE7E646A (d0, q0, r0, m0, 'josee/control/presentacion', ... (4 bytes))
1747978224: Received PUBLISH from esp32_presentation (d0, q0, r0, m0, 'josee/control/presentacion', ... (4 bytes))
1747978224: Sending PUBLISH to auto-CA7FB83D-2429-7FA9-BF66-FB39AE7E646A (d0, q0, r0, m0, 'josee/control/presentacion', ... (4 bytes))
1747978224: Received PUBLISH from esp32_presentation (d0, q0, r0, m0, 'josee/control/presentacion', ... (4 bytes))
1747978224: Sending PUBLISH to auto-CA7FB83D-2429-7FA9-BF66-FB39AE7E646A (d0, q0, r0, m0, 'josee/control/presentacion', ... (4 bytes))
1747978234: Received PINGREQ from auto-CA7FB83D-2429-7FA9-BF66-FB39AE7E646A
1747978234: Sending PINGRESP to auto-CA7FB83D-2429-7FA9-BF66-FB39AE7E646A
1747978238: Received PINGREQ from esp32_presentation
1747978238: Sending PINGRESP to esp32_presentation
1747978247: Received PINGREQ from esp32_presentation
1747978247: Sending PINGRESP to esp32_presentation
1747978262: Received PINGREQ from esp32_presentation
1747978262: Sending PINGRESP to esp32_presentation
1747978277: Received PINGREQ from esp32_presentation
1747978277: Sending PINGRESP to esp32_presentation
1747978292: Received PINGREQ from esp32_presentation
1747978292: Sending PINGRESP to esp32_presentation
1747978294: Received PINGREQ from auto-CA7FB83D-2429-7FA9-BF66-FB39AE7E646A
1747978294: Sending PINGRESP to auto-CA7FB83D-2429-7FA9-BF66-FB39AE7E646A
1747978307: Received PINGREQ from esp32_presentation
1747978307: Sending PINGRESP to esp32_presentation
1747978322: Received PINGREQ from esp32_presentation
1747978322: Sending PINGRESP to esp32_presentation
1747978337: Received PINGREQ from esp32_presentation
1747978337: Sending PINGRESP to esp32_presentation
1747978352: Received PINGREQ from esp32_presentation
1747978352: Sending PINGRESP to esp32_presentation
1747978354: Received PINGREQ from auto-CA7FB83D-2429-7FA9-BF66-FB39AE7E646A
1747978354: Sending PINGRESP to auto-CA7FB83D-2429-7FA9-BF66-FB39AE7E646A
1747978367: Received PINGREQ from esp32_presentation
1747978367: Sending PINGRESP to esp32_presentation
1747978382: Received PINGREQ from esp32_presentation
1747978382: Sending PINGRESP to esp32_presentation
1747978397: Received PINGREQ from esp32_presentation
1747978397: Sending PINGRESP to esp32_presentation
1747978412: Received PINGREQ from esp32_presentation
1747978412: Sending PINGRESP to esp32_presentation
1747978415: Received PUBLISH from esp32_presentation (d0, q0, r0, m0, 'josee/control/presentacion', ... (4 bytes))
1747978415: Sending PUBLISH to auto-CA7FB83D-2429-7FA9-BF66-FB39AE7E646A (d0, q0, r0, m0, 'josee/control/presentacion', ... (4 bytes))
1747978415: Received PINGREQ from auto-CA7FB83D-2429-7FA9-BF66-FB39AE7E646A
1747978415: Sending PINGRESP to auto-CA7FB83D-2429-7FA9-BF66-FB39AE7E646A
1747978415: Received PUBLISH from esp32_presentation (d0, q0, r0, m0, 'josee/control/presentacion', ... (4 bytes))
1747978415: Sending PUBLISH to auto-CA7FB83D-2429-7FA9-BF66-FB39AE7E646A (d0, q0, r0, m0, 'josee/control/presentacion', ... (4 bytes))
1747978416: Received PUBLISH from esp32_presentation (d0, q0, r0, m0, 'josee/control/presentacion', ... (4 bytes))
1747978416: Sending PUBLISH to auto-CA7FB83D-2429-7FA9-BF66-FB39AE7E646A (d0, q0, r0, m0, 'josee/control/presentacion', ... (4 bytes))
1747978416: Received PUBLISH from esp32_presentation (d0, q0, r0, m0, 'josee/control/presentacion', ... (4 bytes))
1747978416: Sending PUBLISH to auto-CA7FB83D-2429-7FA9-BF66-FB39AE7E646A (d0, q0, r0, m0, 'josee/control/presentacion', ... (4 bytes))
1747978417: Received PUBLISH from esp32_presentation (d0, q0, r0, m0, 'josee/control/presentacion', ... (4 bytes))
1747978417: Sending PUBLISH to auto-CA7FB83D-2429-7FA9-BF66-FB39AE7E646A (d0, q0, r0, m0, 'josee/control/presentacion', ... (4 bytes))
1747978417: Received PUBLISH from esp32_presentation (d0, q0, r0, m0, 'josee/control/presentacion', ... (4 bytes))
1747978417: Sending PUBLISH to auto-CA7FB83D-2429-7FA9-BF66-FB39AE7E646A (d0, q0, r0, m0, 'josee/control/presentacion', ... (4 bytes))
1747978427: Received PINGREQ from esp32_presentation
1747978427: Sending PINGRESP to esp32_presentation
1747978437: Received PUBLISH from esp32_presentation (d0, q0, r0, m0, 'josee/control/presentacion', ... (4 bytes))
1747978437: Sending PUBLISH to auto-CA7FB83D-2429-7FA9-BF66-FB39AE7E646A (d0, q0, r0, m0, 'josee/control/presentacion', ... (4 bytes))
1747978438: Received PUBLISH from esp32_presentation (d0, q0, r0, m0, 'josee/control/presentacion', ... (4 bytes))
1747978438: Sending PUBLISH to auto-CA7FB83D-2429-7FA9-BF66-FB39AE7E646A (d0, q0, r0, m0, 'josee/control/presentacion', ... (4 bytes))
1747978439: Received PUBLISH from esp32_presentation (d0, q0, r0, m0, 'josee/control/presentacion', ... (4 bytes))
1747978439: Sending PUBLISH to auto-CA7FB83D-2429-7FA9-BF66-FB39AE7E646A (d0, q0, r0, m0, 'josee/control/presentacion', ... (4 bytes))
1747978439: Received PUBLISH from esp32_presentation (d0, q0, r0, m0, 'josee/control/presentacion', ... (4 bytes))
1747978439: Sending PUBLISH to auto-CA7FB83D-2429-7FA9-BF66-FB39AE7E646A (d0, q0, r0, m0, 'josee/control/presentacion', ... (4 bytes))
1747978440: Received PUBLISH from esp32_presentation (d0, q0, r0, m0, 'josee/control/presentacion', ... (4 bytes))
1747978440: Sending PUBLISH to auto-CA7FB83D-2429-7FA9-BF66-FB39AE7E646A (d0, q0, r0, m0, 'josee/control/presentacion', ... (4 bytes))
1747978441: Received PUBLISH from esp32_presentation (d0, q0, r0, m0, 'josee/control/presentacion', ... (4 bytes))
1747978441: Sending PUBLISH to auto-CA7FB83D-2429-7FA9-BF66-FB39AE7E646A (d0, q0, r0, m0, 'josee/control/presentacion', ... (4 bytes))
1747978442: Received PUBLISH from esp32_presentation (d0, q0, r0, m0, 'josee/control/presentacion', ... (4 bytes))
1747978442: Sending PUBLISH to auto-CA7FB83D-2429-7FA9-BF66-FB39AE7E646A (d0, q0, r0, m0, 'josee/control/presentacion', ... (4 bytes))
1747978442: Received PINGREQ from esp32_presentation
1747978442: Sending PINGRESP to esp32_presentation
1747978443: Received PUBLISH from esp32_presentation (d0, q0, r0, m0, 'josee/control/presentacion', ... (4 bytes))
1747978443: Sending PUBLISH to auto-CA7FB83D-2429-7FA9-BF66-FB39AE7E646A (d0, q0, r0, m0, 'josee/control/presentacion', ... (4 bytes))
1747978444: Received PUBLISH from esp32_presentation (d0, q0, r0, m0, 'josee/control/presentacion', ... (4 bytes))
1747978444: Sending PUBLISH to auto-CA7FB83D-2429-7FA9-BF66-FB39AE7E646A (d0, q0, r0, m0, 'josee/control/presentacion', ... (4 bytes))
1747978445: Received PUBLISH from esp32_presentation (d0, q0, r0, m0, 'josee/control/presentacion', ... (4 bytes))
1747978445: Sending PUBLISH to auto-CA7FB83D-2429-7FA9-BF66-FB39AE7E646A (d0, q0, r0, m0, 'josee/control/presentacion', ... (4 bytes))
1747978445: Received PUBLISH from esp32_presentation (d0, q0, r0, m0, 'josee/control/presentacion', ... (4 bytes))
1747978445: Sending PUBLISH to auto-CA7FB83D-2429-7FA9-BF66-FB39AE7E646A (d0, q0, r0, m0, 'josee/control/presentacion', ... (4 bytes))
1747978446: Received PUBLISH from esp32_presentation (d0, q0, r0, m0, 'josee/control/presentacion', ... (4 bytes))
1747978446: Sending PUBLISH to auto-CA7FB83D-2429-7FA9-BF66-FB39AE7E646A (d0, q0, r0, m0, 'josee/control/presentacion', ... (4 bytes))
1747978446: Received PUBLISH from esp32_presentation (d0, q0, r0, m0, 'josee/control/presentacion', ... (4 bytes))
1747978446: Sending PUBLISH to auto-CA7FB83D-2429-7FA9-BF66-FB39AE7E646A (d0, q0, r0, m0, 'josee/control/presentacion', ... (4 bytes))
1747978446: Received PUBLISH from esp32_presentation (d0, q0, r0, m0, 'josee/control/presentacion', ... (4 bytes))
1747978446: Sending PUBLISH to auto-CA7FB83D-2429-7FA9-BF66-FB39AE7E646A (d0, q0, r0, m0, 'josee/control/presentacion', ... (4 bytes))
1747978447: Received PUBLISH from esp32_presentation (d0, q0, r0, m0, 'josee/control/presentacion', ... (4 bytes))
1747978447: Sending PUBLISH to auto-CA7FB83D-2429-7FA9-BF66-FB39AE7E646A (d0, q0, r0, m0, 'josee/control/presentacion', ... (4 bytes))
1747978447: Received PUBLISH from esp32_presentation (d0, q0, r0, m0, 'josee/control/presentacion', ... (4 bytes))
1747978447: Sending PUBLISH to auto-CA7FB83D-2429-7FA9-BF66-FB39AE7E646A (d0, q0, r0, m0, 'josee/control/presentacion', ... (4 bytes))
1747978447: Received PUBLISH from esp32_presentation (d0, q0, r0, m0, 'josee/control/presentacion', ... (4 bytes))
1747978447: Sending PUBLISH to auto-CA7FB83D-2429-7FA9-BF66-FB39AE7E646A (d0, q0, r0, m0, 'josee/control/presentacion', ... (4 bytes))
1747978448: Received PUBLISH from esp32_presentation (d0, q0, r0, m0, 'josee/control/presentacion', ... (4 bytes))
1747978448: Sending PUBLISH to auto-CA7FB83D-2429-7FA9-BF66-FB39AE7E646A (d0, q0, r0, m0, 'josee/control/presentacion', ... (4 bytes))
1747978448: Received PUBLISH from esp32_presentation (d0, q0, r0, m0, 'josee/control/presentacion', ... (4 bytes))
1747978448: Sending PUBLISH to auto-CA7FB83D-2429-7FA9-BF66-FB39AE7E646A (d0, q0, r0, m0, 'josee/control/presentacion', ... (4 bytes))
1747978448: Received PUBLISH from esp32_presentation (d0, q0, r0, m0, 'josee/control/presentacion', ... (4 bytes))
1747978448: Sending PUBLISH to auto-CA7FB83D-2429-7FA9-BF66-FB39AE7E646A (d0, q0, r0, m0, 'josee/control/presentacion', ... (4 bytes))
1747978449: Received PUBLISH from esp32_presentation (d0, q0, r0, m0, 'josee/control/presentacion', ... (4 bytes))
1747978449: Sending PUBLISH to auto-CA7FB83D-2429-7FA9-BF66-FB39AE7E646A (d0, q0, r0, m0, 'josee/control/presentacion', ... (4 bytes))
1747978449: Received PUBLISH from esp32_presentation (d0, q0, r0, m0, 'josee/control/presentacion', ... (4 bytes))
1747978449: Sending PUBLISH to auto-CA7FB83D-2429-7FA9-BF66-FB39AE7E646A (d0, q0, r0, m0, 'josee/control/presentacion', ... (4 bytes))
1747978449: Received PUBLISH from esp32_presentation (d0, q0, r0, m0, 'josee/control/presentacion', ... (4 bytes))
1747978449: Sending PUBLISH to auto-CA7FB83D-2429-7FA9-BF66-FB39AE7E646A (d0, q0, r0, m0, 'josee/control/presentacion', ... (4 bytes))
1747978450: Received PUBLISH from esp32_presentation (d0, q0, r0, m0, 'josee/control/presentacion', ... (4 bytes))
1747978450: Sending PUBLISH to auto-CA7FB83D-2429-7FA9-BF66-FB39AE7E646A (d0, q0, r0, m0, 'josee/control/presentacion', ... (4 bytes))
1747978457: Received PINGREQ from esp32_presentation
1747978457: Sending PINGRESP to esp32_presentation
1747978463: Received PUBLISH from esp32_presentation (d0, q0, r0, m0, 'josee/control/presentacion', ... (4 bytes))
1747978463: Sending PUBLISH to auto-CA7FB83D-2429-7FA9-BF66-FB39AE7E646A (d0, q0, r0, m0, 'josee/control/presentacion', ... (4 bytes))
1747978464: Received PUBLISH from esp32_presentation (d0, q0, r0, m0, 'josee/control/presentacion', ... (4 bytes))
1747978464: Sending PUBLISH to auto-CA7FB83D-2429-7FA9-BF66-FB39AE7E646A (d0, q0, r0, m0, 'josee/control/presentacion', ... (4 bytes))
1747978464: Received PUBLISH from esp32_presentation (d0, q0, r0, m0, 'josee/control/presentacion', ... (4 bytes))
1747978464: Sending PUBLISH to auto-CA7FB83D-2429-7FA9-BF66-FB39AE7E646A (d0, q0, r0, m0, 'josee/control/presentacion', ... (4 bytes))
1747978465: Received PUBLISH from esp32_presentation (d0, q0, r0, m0, 'josee/control/presentacion', ... (4 bytes))
1747978465: Sending PUBLISH to auto-CA7FB83D-2429-7FA9-BF66-FB39AE7E646A (d0, q0, r0, m0, 'josee/control/presentacion', ... (4 bytes))
1747978465: Received PUBLISH from esp32_presentation (d0, q0, r0, m0, 'josee/control/presentacion', ... (4 bytes))
1747978465: Sending PUBLISH to auto-CA7FB83D-2429-7FA9-BF66-FB39AE7E646A (d0, q0, r0, m0, 'josee/control/presentacion', ... (4 bytes))
1747978466: Received PUBLISH from esp32_presentation (d0, q0, r0, m0, 'josee/control/presentacion', ... (4 bytes))
1747978466: Sending PUBLISH to auto-CA7FB83D-2429-7FA9-BF66-FB39AE7E646A (d0, q0, r0, m0, 'josee/control/presentacion', ... (4 bytes))
1747978466: Received PUBLISH from esp32_presentation (d0, q0, r0, m0, 'josee/control/presentacion', ... (4 bytes))
1747978466: Sending PUBLISH to auto-CA7FB83D-2429-7FA9-BF66-FB39AE7E646A (d0, q0, r0, m0, 'josee/control/presentacion', ... (4 bytes))
1747978467: Received PUBLISH from esp32_presentation (d0, q0, r0, m0, 'josee/control/presentacion', ... (4 bytes))
1747978467: Sending PUBLISH to auto-CA7FB83D-2429-7FA9-BF66-FB39AE7E646A (d0, q0, r0, m0, 'josee/control/presentacion', ... (4 bytes))
1747978467: Received PUBLISH from esp32_presentation (d0, q0, r0, m0, 'josee/control/presentacion', ... (4 bytes))
1747978467: Sending PUBLISH to auto-CA7FB83D-2429-7FA9-BF66-FB39AE7E646A (d0, q0, r0, m0, 'josee/control/presentacion', ... (4 bytes))
1747978468: Received PUBLISH from esp32_presentation (d0, q0, r0, m0, 'josee/control/presentacion', ... (4 bytes))
1747978468: Sending PUBLISH to auto-CA7FB83D-2429-7FA9-BF66-FB39AE7E646A (d0, q0, r0, m0, 'josee/control/presentacion', ... (4 bytes))
1747978469: Received PUBLISH from esp32_presentation (d0, q0, r0, m0, 'josee/control/presentacion', ... (4 bytes))
1747978469: Sending PUBLISH to auto-CA7FB83D-2429-7FA9-BF66-FB39AE7E646A (d0, q0, r0, m0, 'josee/control/presentacion', ... (4 bytes))
1747978469: Received PUBLISH from esp32_presentation (d0, q0, r0, m0, 'josee/control/presentacion', ... (4 bytes))
1747978469: Sending PUBLISH to auto-CA7FB83D-2429-7FA9-BF66-FB39AE7E646A (d0, q0, r0, m0, 'josee/control/presentacion', ... (4 bytes))
1747978470: Received PUBLISH from esp32_presentation (d0, q0, r0, m0, 'josee/control/presentacion', ... (4 bytes))
1747978470: Sending PUBLISH to auto-CA7FB83D-2429-7FA9-BF66-FB39AE7E646A (d0, q0, r0, m0, 'josee/control/presentacion', ... (4 bytes))
1747978472: Received PUBLISH from esp32_presentation (d0, q0, r0, m0, 'josee/control/presentacion', ... (4 bytes))
1747978472: Sending PUBLISH to auto-CA7FB83D-2429-7FA9-BF66-FB39AE7E646A (d0, q0, r0, m0, 'josee/control/presentacion', ... (4 bytes))
1747978473: Received PINGREQ from esp32_presentation
1747978473: Sending PINGRESP to esp32_presentation
1747978473: Received PUBLISH from esp32_presentation (d0, q0, r0, m0, 'josee/control/presentacion', ... (4 bytes))
1747978473: Sending PUBLISH to auto-CA7FB83D-2429-7FA9-BF66-FB39AE7E646A (d0, q0, r0, m0, 'josee/control/presentacion', ... (4 bytes))
1747978474: Received PUBLISH from esp32_presentation (d0, q0, r0, m0, 'josee/control/presentacion', ... (4 bytes))
1747978474: Sending PUBLISH to auto-CA7FB83D-2429-7FA9-BF66-FB39AE7E646A (d0, q0, r0, m0, 'josee/control/presentacion', ... (4 bytes))
1747978475: Received PINGREQ from auto-CA7FB83D-2429-7FA9-BF66-FB39AE7E646A
1747978475: Sending PINGRESP to auto-CA7FB83D-2429-7FA9-BF66-FB39AE7E646A
1747978476: Received PUBLISH from esp32_presentation (d0, q0, r0, m0, 'josee/control/presentacion', ... (4 bytes))
1747978476: Sending PUBLISH to auto-CA7FB83D-2429-7FA9-BF66-FB39AE7E646A (d0, q0, r0, m0, 'josee/control/presentacion', ... (4 bytes))
1747978477: Received PUBLISH from esp32_presentation (d0, q0, r0, m0, 'josee/control/presentacion', ... (4 bytes))
1747978477: Sending PUBLISH to auto-CA7FB83D-2429-7FA9-BF66-FB39AE7E646A (d0, q0, r0, m0, 'josee/control/presentacion', ... (4 bytes))
1747978478: Received PUBLISH from esp32_presentation (d0, q0, r0, m0, 'josee/control/presentacion', ... (4 bytes))
1747978478: Sending PUBLISH to auto-CA7FB83D-2429-7FA9-BF66-FB39AE7E646A (d0, q0, r0, m0, 'josee/control/presentacion', ... (4 bytes))
1747978478: Received PUBLISH from esp32_presentation (d0, q0, r0, m0, 'josee/control/presentacion', ... (4 bytes))
1747978478: Sending PUBLISH to auto-CA7FB83D-2429-7FA9-BF66-FB39AE7E646A (d0, q0, r0, m0, 'josee/control/presentacion', ... (4 bytes))
1747978479: Received PUBLISH from esp32_presentation (d0, q0, r0, m0, 'josee/control/presentacion', ... (4 bytes))
1747978479: Sending PUBLISH to auto-CA7FB83D-2429-7FA9-BF66-FB39AE7E646A (d0, q0, r0, m0, 'josee/control/presentacion', ... (4 bytes))
1747978479: Received PUBLISH from esp32_presentation (d0, q0, r0, m0, 'josee/control/presentacion', ... (4 bytes))
1747978479: Sending PUBLISH to auto-CA7FB83D-2429-7FA9-BF66-FB39AE7E646A (d0, q0, r0, m0, 'josee/control/presentacion', ... (4 bytes))
1747978488: Received PINGREQ from esp32_presentation
1747978488: Sending PINGRESP to esp32_presentation
1747978503: Received PINGREQ from esp32_presentation
1747978503: Sending PINGRESP to esp32_presentation
1747978511: Received PUBLISH from esp32_presentation (d0, q0, r0, m0, 'josee/control/presentacion', ... (4 bytes))
1747978511: Sending PUBLISH to auto-CA7FB83D-2429-7FA9-BF66-FB39AE7E646A (d0, q0, r0, m0, 'josee/control/presentacion', ... (4 bytes))
1747978512: Received PUBLISH from esp32_presentation (d0, q0, r0, m0, 'josee/control/presentacion', ... (4 bytes))
1747978512: Sending PUBLISH to auto-CA7FB83D-2429-7FA9-BF66-FB39AE7E646A (d0, q0, r0, m0, 'josee/control/presentacion', ... (4 bytes))
1747978514: Received PUBLISH from esp32_presentation (d0, q0, r0, m0, 'josee/control/presentacion', ... (4 bytes))
1747978514: Sending PUBLISH to auto-CA7FB83D-2429-7FA9-BF66-FB39AE7E646A (d0, q0, r0, m0, 'josee/control/presentacion', ... (4 bytes))
1747978514: Received PUBLISH from esp32_presentation (d0, q0, r0, m0, 'josee/control/presentacion', ... (4 bytes))
1747978514: Sending PUBLISH to auto-CA7FB83D-2429-7FA9-BF66-FB39AE7E646A (d0, q0, r0, m0, 'josee/control/presentacion', ... (4 bytes))
1747978515: Received PUBLISH from esp32_presentation (d0, q0, r0, m0, 'josee/control/presentacion', ... (4 bytes))
1747978515: Sending PUBLISH to auto-CA7FB83D-2429-7FA9-BF66-FB39AE7E646A (d0, q0, r0, m0, 'josee/control/presentacion', ... (4 bytes))
1747978516: Received PUBLISH from esp32_presentation (d0, q0, r0, m0, 'josee/control/presentacion', ... (4 bytes))
1747978516: Sending PUBLISH to auto-CA7FB83D-2429-7FA9-BF66-FB39AE7E646A (d0, q0, r0, m0, 'josee/control/presentacion', ... (4 bytes))
1747978516: Received PUBLISH from esp32_presentation (d0, q0, r0, m0, 'josee/control/presentacion', ... (4 bytes))
1747978516: Sending PUBLISH to auto-CA7FB83D-2429-7FA9-BF66-FB39AE7E646A (d0, q0, r0, m0, 'josee/control/presentacion', ... (4 bytes))
1747978519: Received PINGREQ from esp32_presentation
1747978519: Sending PINGRESP to esp32_presentation
1747978519: Received PUBLISH from esp32_presentation (d0, q0, r0, m0, 'josee/control/presentacion', ... (4 bytes))
1747978519: Sending PUBLISH to auto-CA7FB83D-2429-7FA9-BF66-FB39AE7E646A (d0, q0, r0, m0, 'josee/control/presentacion', ... (4 bytes))
1747978520: Received PUBLISH from esp32_presentation (d0, q0, r0, m0, 'josee/control/presentacion', ... (4 bytes))
1747978520: Sending PUBLISH to auto-CA7FB83D-2429-7FA9-BF66-FB39AE7E646A (d0, q0, r0, m0, 'josee/control/presentacion', ... (4 bytes))
1747978535: Received PINGREQ from esp32_presentation
1747978535: Sending PINGRESP to esp32_presentation
1747978536: Received PINGREQ from auto-CA7FB83D-2429-7FA9-BF66-FB39AE7E646A
1747978536: Sending PINGRESP to auto-CA7FB83D-2429-7FA9-BF66-FB39AE7E646A
1747978557: Client esp32_presentation has exceeded timeout, disconnecting.
1747978596: Received PINGREQ from auto-CA7FB83D-2429-7FA9-BF66-FB39AE7E646A
1747978596: Sending PINGRESP to auto-CA7FB83D-2429-7FA9-BF66-FB39AE7E646A
1747978657: Received PINGREQ from auto-CA7FB83D-2429-7FA9-BF66-FB39AE7E646A
1747978657: Sending PINGRESP to auto-CA7FB83D-2429-7FA9-BF66-FB39AE7E646A
1747978790: Client auto-CA7FB83D-2429-7FA9-BF66-FB39AE7E646A has exceeded timeout, disconnecting.
1747978791: New connection from 192.168.76.32:61404 on port 1883.
1747978791: New client connected from 192.168.76.32:61404 as auto-01ACCEC4-B28E-7907-A2DC-0229407BFF34 (p2, c1, k60).
1747978791: No will message specified.
1747978791: Sending CONNACK to auto-01ACCEC4-B28E-7907-A2DC-0229407BFF34 (0, 0)
1747978791: Received SUBSCRIBE from auto-01ACCEC4-B28E-7907-A2DC-0229407BFF34
1747978791: 	josee/control/presentacion (QoS 0)
1747978791: auto-01ACCEC4-B28E-7907-A2DC-0229407BFF34 0 josee/control/presentacion
1747978791: Sending SUBACK to auto-01ACCEC4-B28E-7907-A2DC-0229407BFF34
1747978795: Client auto-01ACCEC4-B28E-7907-A2DC-0229407BFF34 closed its connection.
